<?xml version="1.0" encoding="UTF-8"?>
<!-- Generated by org.testng.reporters.JUnitReportReporter -->
<testsuite hostname="Bujuku" failures="0" tests="2" name="pages.LoginTest" time="1.330" errors="0" timestamp="2024-02-08T16:24:47 IST" skipped="0">
  <testcase classname="pages.LoginTest" name="navigate_to_loginPage" time="0.825"/>
  <testcase classname="pages.LoginTest" name="enterCredentials" time="0.505"/>
</testsuite> <!-- pages.LoginTest -->
